Determining if the Fortran sgemm exists failed with the following output:
Change Dir: /Users/qminor/git_testdir/qlens-dev/qlens-beta/build/CMakeFiles/CMakeTmp

Run Build Command(s):/usr/bin/make cmTC_03563/fast && /Applications/Xcode.app/Contents/Developer/usr/bin/make  -f CMakeFiles/cmTC_03563.dir/build.make CMakeFiles/cmTC_03563.dir/build
Building Fortran object CMakeFiles/cmTC_03563.dir/testFortranCompiler.f.o
/usr/local/bin/gfortran   -isysroot /Applications/Xcode.app/Contents/Developer/Platforms/MacOSX.platform/Developer/SDKs/MacOSX11.1.sdk -mmacosx-version-min=10.15 -c /Users/qminor/git_testdir/qlens-dev/qlens-beta/build/CMakeFiles/CMakeTmp/testFortranCompiler.f -o CMakeFiles/cmTC_03563.dir/testFortranCompiler.f.o
Linking Fortran executable cmTC_03563
/usr/local/Cellar/cmake/3.18.2/bin/cmake -E cmake_link_script CMakeFiles/cmTC_03563.dir/link.txt --verbose=1
/usr/local/bin/gfortran  -isysroot /Applications/Xcode.app/Contents/Developer/Platforms/MacOSX.platform/Developer/SDKs/MacOSX11.1.sdk -mmacosx-version-min=10.15 CMakeFiles/cmTC_03563.dir/testFortranCompiler.f.o -o cmTC_03563 
Undefined symbols for architecture x86_64:
  "_sgemm_", referenced from:
      _MAIN__ in testFortranCompiler.f.o
ld: symbol(s) not found for architecture x86_64
collect2: error: ld returned 1 exit status
make[1]: *** [cmTC_03563] Error 1
make: *** [cmTC_03563/fast] Error 2



Determining if the Fortran sgemm exists failed with the following output:
Change Dir: /Users/qminor/git_testdir/qlens-dev/qlens-beta/build/CMakeFiles/CMakeTmp

Run Build Command(s):/usr/bin/make -f Makefile cmTC_7a70b/fast && /Applications/Xcode.app/Contents/Developer/usr/bin/make  -f CMakeFiles/cmTC_7a70b.dir/build.make CMakeFiles/cmTC_7a70b.dir/build
Building Fortran object CMakeFiles/cmTC_7a70b.dir/testFortranCompiler.f.o
/usr/local/bin/gfortran   -isysroot /Applications/Xcode.app/Contents/Developer/Platforms/MacOSX.platform/Developer/SDKs/MacOSX11.1.sdk -mmacosx-version-min=10.15 -c /Users/qminor/git_testdir/qlens-dev/qlens-beta/build/CMakeFiles/CMakeTmp/testFortranCompiler.f -o CMakeFiles/cmTC_7a70b.dir/testFortranCompiler.f.o
Linking Fortran executable cmTC_7a70b
/usr/local/Cellar/cmake/3.21.2/bin/cmake -E cmake_link_script CMakeFiles/cmTC_7a70b.dir/link.txt --verbose=1
/usr/local/bin/gfortran  -isysroot /Applications/Xcode.app/Contents/Developer/Platforms/MacOSX.platform/Developer/SDKs/MacOSX11.1.sdk -mmacosx-version-min=10.15 CMakeFiles/cmTC_7a70b.dir/testFortranCompiler.f.o -o cmTC_7a70b 
Undefined symbols for architecture x86_64:
  "_sgemm_", referenced from:
      _MAIN__ in testFortranCompiler.f.o
ld: symbol(s) not found for architecture x86_64
collect2: error: ld returned 1 exit status
make[1]: *** [cmTC_7a70b] Error 1
make: *** [cmTC_7a70b/fast] Error 2



Determining if the Fortran sgemm exists failed with the following output:
Change Dir: /Users/qminor/git_testdir/qlens-dev/qlens-beta/build/CMakeFiles/CMakeTmp

Run Build Command(s):/usr/bin/make -f Makefile cmTC_76a42/fast && /Applications/Xcode.app/Contents/Developer/usr/bin/make  -f CMakeFiles/cmTC_76a42.dir/build.make CMakeFiles/cmTC_76a42.dir/build
Building Fortran object CMakeFiles/cmTC_76a42.dir/testFortranCompiler.f.o
/usr/local/bin/gfortran   -isysroot /Applications/Xcode.app/Contents/Developer/Platforms/MacOSX.platform/Developer/SDKs/MacOSX11.1.sdk -mmacosx-version-min=10.15 -c /Users/qminor/git_testdir/qlens-dev/qlens-beta/build/CMakeFiles/CMakeTmp/testFortranCompiler.f -o CMakeFiles/cmTC_76a42.dir/testFortranCompiler.f.o
Linking Fortran executable cmTC_76a42
/usr/local/Cellar/cmake/3.21.2/bin/cmake -E cmake_link_script CMakeFiles/cmTC_76a42.dir/link.txt --verbose=1
/usr/local/bin/gfortran  -isysroot /Applications/Xcode.app/Contents/Developer/Platforms/MacOSX.platform/Developer/SDKs/MacOSX11.1.sdk -mmacosx-version-min=10.15 CMakeFiles/cmTC_76a42.dir/testFortranCompiler.f.o -o cmTC_76a42 
Undefined symbols for architecture x86_64:
  "_sgemm_", referenced from:
      _MAIN__ in testFortranCompiler.f.o
ld: symbol(s) not found for architecture x86_64
collect2: error: ld returned 1 exit status
make[1]: *** [cmTC_76a42] Error 1
make: *** [cmTC_76a42/fast] Error 2



Determining if the Fortran sgemm exists failed with the following output:
Change Dir: /Users/qminor/git_testdir/qlens-dev/qlens-beta/build/CMakeFiles/CMakeTmp

Run Build Command(s):/usr/bin/make -f Makefile cmTC_34e49/fast && /Applications/Xcode.app/Contents/Developer/usr/bin/make  -f CMakeFiles/cmTC_34e49.dir/build.make CMakeFiles/cmTC_34e49.dir/build
Building Fortran object CMakeFiles/cmTC_34e49.dir/testFortranCompiler.f.o
/usr/local/bin/gfortran   -isysroot /Applications/Xcode.app/Contents/Developer/Platforms/MacOSX.platform/Developer/SDKs/MacOSX11.1.sdk -mmacosx-version-min=10.15 -c /Users/qminor/git_testdir/qlens-dev/qlens-beta/build/CMakeFiles/CMakeTmp/testFortranCompiler.f -o CMakeFiles/cmTC_34e49.dir/testFortranCompiler.f.o
Linking Fortran executable cmTC_34e49
/usr/local/Cellar/cmake/3.21.2/bin/cmake -E cmake_link_script CMakeFiles/cmTC_34e49.dir/link.txt --verbose=1
/usr/local/bin/gfortran  -isysroot /Applications/Xcode.app/Contents/Developer/Platforms/MacOSX.platform/Developer/SDKs/MacOSX11.1.sdk -mmacosx-version-min=10.15 CMakeFiles/cmTC_34e49.dir/testFortranCompiler.f.o -o cmTC_34e49 
Undefined symbols for architecture x86_64:
  "_sgemm_", referenced from:
      _MAIN__ in testFortranCompiler.f.o
ld: symbol(s) not found for architecture x86_64
collect2: error: ld returned 1 exit status
make[1]: *** [cmTC_34e49] Error 1
make: *** [cmTC_34e49/fast] Error 2



Determining if the Fortran sgemm exists failed with the following output:
Change Dir: /Users/qminor/git_testdir/qlens-dev/qlens-beta/build/CMakeFiles/CMakeTmp

Run Build Command(s):/usr/bin/make -f Makefile cmTC_eb70d/fast && /Applications/Xcode.app/Contents/Developer/usr/bin/make  -f CMakeFiles/cmTC_eb70d.dir/build.make CMakeFiles/cmTC_eb70d.dir/build
Building Fortran object CMakeFiles/cmTC_eb70d.dir/testFortranCompiler.f.o
/usr/local/bin/gfortran   -isysroot /Applications/Xcode.app/Contents/Developer/Platforms/MacOSX.platform/Developer/SDKs/MacOSX11.1.sdk -mmacosx-version-min=10.15 -c /Users/qminor/git_testdir/qlens-dev/qlens-beta/build/CMakeFiles/CMakeTmp/testFortranCompiler.f -o CMakeFiles/cmTC_eb70d.dir/testFortranCompiler.f.o
Linking Fortran executable cmTC_eb70d
/usr/local/Cellar/cmake/3.21.2/bin/cmake -E cmake_link_script CMakeFiles/cmTC_eb70d.dir/link.txt --verbose=1
/usr/local/bin/gfortran  -isysroot /Applications/Xcode.app/Contents/Developer/Platforms/MacOSX.platform/Developer/SDKs/MacOSX11.1.sdk -mmacosx-version-min=10.15 CMakeFiles/cmTC_eb70d.dir/testFortranCompiler.f.o -o cmTC_eb70d 
Undefined symbols for architecture x86_64:
  "_sgemm_", referenced from:
      _MAIN__ in testFortranCompiler.f.o
ld: symbol(s) not found for architecture x86_64
collect2: error: ld returned 1 exit status
make[1]: *** [cmTC_eb70d] Error 1
make: *** [cmTC_eb70d/fast] Error 2



